{"C:\\Users\\edras\\Desktop\\UMG\\10MO CICLO\\ASEGURAMIENTO DE LA CALIDAD DE SOFTWARE\\tarea8-unitest\\index.js": {"path":"C:\\Users\\edras\\Desktop\\UMG\\10MO CICLO\\ASEGURAMIENTO DE LA CALIDAD DE SOFTWARE\\tarea8-unitest\\index.js","statementMap":{"0":{"start":{"line":1,"column":20},"end":{"line":5,"column":1}},"1":{"start":{"line":2,"column":30},"end":{"line":2,"column":35}},"2":{"start":{"line":3,"column":28},"end":{"line":3,"column":32}},"3":{"start":{"line":4,"column":28},"end":{"line":4,"column":39}},"4":{"start":{"line":8,"column":2},"end":{"line":12,"column":3}},"5":{"start":{"line":9,"column":4},"end":{"line":9,"column":41}},"6":{"start":{"line":11,"column":4},"end":{"line":11,"column":36}}},"fnMap":{"0":{"name":"(anonymous_0)","decl":{"start":{"line":2,"column":14},"end":{"line":2,"column":15}},"loc":{"start":{"line":2,"column":30},"end":{"line":2,"column":35}},"line":2},"1":{"name":"(anonymous_1)","decl":{"start":{"line":3,"column":12},"end":{"line":3,"column":13}},"loc":{"start":{"line":3,"column":28},"end":{"line":3,"column":32}},"line":3},"2":{"name":"(anonymous_2)","decl":{"start":{"line":4,"column":12},"end":{"line":4,"column":13}},"loc":{"start":{"line":4,"column":28},"end":{"line":4,"column":39}},"line":4},"3":{"name":"esAprobadoElPrestamo","decl":{"start":{"line":7,"column":16},"end":{"line":7,"column":36}},"loc":{"start":{"line":7,"column":63},"end":{"line":13,"column":1}},"line":7}},"branchMap":{"0":{"loc":{"start":{"line":7,"column":43},"end":{"line":7,"column":61}},"type":"default-arg","locations":[{"start":{"line":7,"column":56},"end":{"line":7,"column":61}}],"line":7}},"s":{"0":1,"1":1,"2":1,"3":2,"4":5,"5":5,"6":1},"f":{"0":1,"1":1,"2":2,"3":5},"b":{"0":[0]},"_coverageSchema":"1a1c01bbd47fc00a2c39e90264f33305004495a9","hash":"8a90c5b47b60917c348367a181a7d262d9df0b84"}
}
